<?xml version="1.0" encoding="UTF-8"?>
<!-- Generated by org.testng.reporters.JUnitXMLReporter -->
<testsuite ignored="0" hostname="DESKTOP-CHNJBE6" failures="1" tests="1" name="Test" time="56.23" errors="0" timestamp="2023-02-04T23:26:17 CST">
  <testcase classname="tests.MetabolicTests" name="TestSuperProtein" time="56.197">
    <failure type="java.lang.NullPointerException" message="Cannot invoke &amp;quot;org.openqa.selenium.WebDriver.findElements(org.openqa.selenium.By)&amp;quot; because &amp;quot;this.driver&amp;quot; is null">
      <![CDATA[java.lang.NullPointerException: Cannot invoke "org.openqa.selenium.WebDriver.findElements(org.openqa.selenium.By)" because "this.driver" is null
at com.metabolic.net.core.PageObjectFactory.isElementPresent(PageObjectFactory.java:57)
at pages.MetabolicSuperProtein.isPageLogoDisplay(MetabolicSuperProtein.java:33)
at tests.MetabolicTests.TestSuperProtein(MetabolicTests.java:23)
at java.base/java.util.ArrayList.forEach(ArrayList.java:1511)
... Removed 25 stack frames]]>
    </failure>
  </testcase> <!-- TestSuperProtein -->
</testsuite> <!-- Test -->
